[debug] [2026-05-12T01:20:42.753Z] ----------------------------------------------------------------------
[debug] [2026-05-12T01:20:42.756Z] Command:       C:\nvm4w\nodejs\node.exe C:\nvm4w\nodejs\node_modules\firebase-tools\lib\bin\firebase.js deploy
[debug] [2026-05-12T01:20:42.756Z] CLI Version:   15.13.0
[debug] [2026-05-12T01:20:42.756Z] Platform:      win32
[debug] [2026-05-12T01:20:42.756Z] Node Version:  v20.18.0
[debug] [2026-05-12T01:20:42.756Z] Time:          Tue May 12 2026 04:20:42 GMT+0300 (GMT+03:00)
[debug] [2026-05-12T01:20:42.756Z] ----------------------------------------------------------------------
[debug] 
[debug] [2026-05-12T01:20:42.758Z] >>> [apiv2][query] GET https://firebase-public.firebaseio.com/cli.json [none]
[debug] [2026-05-12T01:21:58.725Z] > command requires scopes: ["email","openid","https://www.googleapis.com/auth/cloudplatformprojects.readonly","https://www.googleapis.com/auth/firebase","https://www.googleapis.com/auth/cloud-platform"]
[debug] [2026-05-12T01:21:58.725Z] > authorizing via signed-in user (sinmazgizem@gmail.com)
[debug] [2026-05-12T01:21:58.725Z] [iam] checking project postacilar-yapi-web-site for permissions ["firebase.projects.get","firebasehosting.sites.update"]
[debug] [2026-05-12T01:21:58.726Z] Checked if tokens are valid: false, expires at: 1777477698040
[debug] [2026-05-12T01:21:58.726Z] Checked if tokens are valid: false, expires at: 1777477698040
[debug] [2026-05-12T01:21:58.726Z] > refreshing access token with scopes: []
[debug] [2026-05-12T01:21:58.727Z] >>> [apiv2][query] POST https://www.googleapis.com/oauth2/v3/token [none]
[debug] [2026-05-12T01:21:58.727Z] >>> [apiv2][body] POST https://www.googleapis.com/oauth2/v3/token [omitted]
[debug] [2026-05-12T01:21:58.917Z] <<< [apiv2][status] POST https://www.googleapis.com/oauth2/v3/token 200
[debug] [2026-05-12T01:21:58.917Z] <<< [apiv2][body] POST https://www.googleapis.com/oauth2/v3/token [omitted]
[debug] [2026-05-12T01:21:58.938Z] >>> [apiv2][query] POST https://cloudresourcemanager.googleapis.com/v1/projects/postacilar-yapi-web-site:testIamPermissions [none]
[debug] [2026-05-12T01:21:58.938Z] >>> [apiv2][(partial)header] POST https://cloudresourcemanager.googleapis.com/v1/projects/postacilar-yapi-web-site:testIamPermissions  x-goog-user-project=postacilar-yapi-web-site
[debug] [2026-05-12T01:21:58.938Z] >>> [apiv2][body] POST https://cloudresourcemanager.googleapis.com/v1/projects/postacilar-yapi-web-site:testIamPermissions {"permissions":["firebase.projects.get","firebasehosting.sites.update"]}
[debug] [2026-05-12T01:21:59.119Z] <<< [apiv2][status] GET https://firebase-public.firebaseio.com/cli.json 200
[debug] [2026-05-12T01:21:59.119Z] <<< [apiv2][body] GET https://firebase-public.firebaseio.com/cli.json {"cloudBuildErrorAfter":1594252800000,"cloudBuildWarnAfter":1590019200000,"defaultNode10After":1594252800000,"minVersion":"3.0.5","node8DeploysDisabledAfter":1613390400000,"node8RuntimeDisabledAfter":1615809600000,"node8WarnAfter":1600128000000}
[debug] [2026-05-12T01:21:59.986Z] <<< [apiv2][status] POST https://cloudresourcemanager.googleapis.com/v1/projects/postacilar-yapi-web-site:testIamPermissions 403
[debug] [2026-05-12T01:21:59.986Z] <<< [apiv2][body] POST https://cloudresourcemanager.googleapis.com/v1/projects/postacilar-yapi-web-site:testIamPermissions {"error":{"code":403,"message":"Caller does not have required permission to use project postacilar-yapi-web-site. Grant the caller the roles/serviceusage.serviceUsageConsumer role, or a custom role with the serviceusage.services.use permission, by visiting https://console.developers.google.com/iam-admin/iam?project=postacilar-yapi-web-site and then retry. Propagation of the new permission may take a few minutes.","status":"PERMISSION_DENIED","details":[{"@type":"type.googleapis.com/google.rpc.ErrorInfo","reason":"USER_PROJECT_DENIED","domain":"googleapis.com","metadata":{"containerInfo":"postacilar-yapi-web-site","service":"cloudresourcemanager.googleapis.com","consumer":"projects/postacilar-yapi-web-site","consoleUrl":"https://console.developers.google.com/iam-admin/iam?project=postacilar-yapi-web-site"}},{"@type":"type.googleapis.com/google.rpc.LocalizedMessage","locale":"en-US","message":"Caller does not have required permission to use project postacilar-yapi-web-site. Grant the caller the roles/serviceusage.serviceUsageConsumer role, or a custom role with the serviceusage.services.use permission, by visiting https://console.developers.google.com/iam-admin/iam?project=postacilar-yapi-web-site and then retry. Propagation of the new permission may take a few minutes."},{"@type":"type.googleapis.com/google.rpc.Help","links":[{"description":"Google developer console IAM admin","url":"https://console.developers.google.com/iam-admin/iam?project=postacilar-yapi-web-site"}]}]}}
[debug] [2026-05-12T01:21:59.987Z] [iam] error while checking permissions, command may fail: Request to https://cloudresourcemanager.googleapis.com/v1/projects/postacilar-yapi-web-site:testIamPermissions had HTTP Error: 403, Caller does not have required permission to use project postacilar-yapi-web-site. Grant the caller the roles/serviceusage.serviceUsageConsumer role, or a custom role with the serviceusage.services.use permission, by visiting https://console.developers.google.com/iam-admin/iam?project=postacilar-yapi-web-site and then retry. Propagation of the new permission may take a few minutes.
[debug] [2026-05-12T01:21:59.987Z] Checked if tokens are valid: true, expires at: 1778552517917
[debug] [2026-05-12T01:21:59.987Z] Checked if tokens are valid: true, expires at: 1778552517917
[debug] [2026-05-12T01:21:59.987Z] >>> [apiv2][query] GET https://firebase.googleapis.com/v1beta1/projects/postacilar-yapi-web-site [none]
[debug] [2026-05-12T01:22:00.418Z] <<< [apiv2][status] GET https://firebase.googleapis.com/v1beta1/projects/postacilar-yapi-web-site 403
[debug] [2026-05-12T01:22:00.418Z] <<< [apiv2][body] GET https://firebase.googleapis.com/v1beta1/projects/postacilar-yapi-web-site {"error":{"code":403,"message":"The caller does not have permission","status":"PERMISSION_DENIED"}}
[debug] [2026-05-12T01:22:00.418Z] Request to https://firebase.googleapis.com/v1beta1/projects/postacilar-yapi-web-site had HTTP Error: 403, The caller does not have permission
[debug] [2026-05-12T01:22:00.419Z] FirebaseError: Request to https://firebase.googleapis.com/v1beta1/projects/postacilar-yapi-web-site had HTTP Error: 403, The caller does not have permission
    at responseToError (C:\Users\ataba\AppData\Local\nvm\v20.18.0\node_modules\firebase-tools\lib\responseToError.js:53:12)
    at RetryOperation._fn (C:\Users\ataba\AppData\Local\nvm\v20.18.0\node_modules\firebase-tools\lib\apiv2.js:333:77)
    at process.processTicksAndRejections (node:internal/process/task_queues:95:5)
[error] 
[error] Error: Failed to get Firebase project postacilar-yapi-web-site. Please make sure the project exists and your account has permission to access it.
